{"/Users/sarahmayfield/alchemy/career-track/01-week/mongodb-lab/lib/app.js": {"path":"/Users/sarahmayfield/alchemy/career-track/01-week/mongodb-lab/lib/app.js","statementMap":{"0":{"start":{"line":1,"column":14},"end":{"line":1,"column":39}},"1":{"start":{"line":5,"column":16},"end":{"line":5,"column":34}},"2":{"start":{"line":6,"column":12},"end":{"line":6,"column":21}},"3":{"start":{"line":8,"column":0},"end":{"line":8,"column":24}},"4":{"start":{"line":39,"column":14},"end":{"line":44,"column":2}},"5":{"start":{"line":46,"column":0},"end":{"line":48,"column":3}},"6":{"start":{"line":47,"column":2},"end":{"line":47,"column":20}},"7":{"start":{"line":54,"column":0},"end":{"line":56,"column":3}},"8":{"start":{"line":55,"column":2},"end":{"line":55,"column":18}},"9":{"start":{"line":58,"column":0},"end":{"line":67,"column":3}},"10":{"start":{"line":59,"column":37},"end":{"line":59,"column":45}},"11":{"start":{"line":60,"column":23},"end":{"line":65,"column":4}},"12":{"start":{"line":66,"column":2},"end":{"line":66,"column":25}},"13":{"start":{"line":69,"column":0},"end":{"line":72,"column":3}},"14":{"start":{"line":70,"column":22},"end":{"line":70,"column":57}},"15":{"start":{"line":71,"column":2},"end":{"line":71,"column":24}},"16":{"start":{"line":80,"column":0},"end":{"line":80,"column":21}}},"fnMap":{"0":{"name":"(anonymous_0)","decl":{"start":{"line":46,"column":13},"end":{"line":46,"column":14}},"loc":{"start":{"line":46,"column":27},"end":{"line":48,"column":1}},"line":46},"1":{"name":"(anonymous_1)","decl":{"start":{"line":54,"column":23},"end":{"line":54,"column":24}},"loc":{"start":{"line":54,"column":37},"end":{"line":56,"column":1}},"line":54},"2":{"name":"(anonymous_2)","decl":{"start":{"line":58,"column":22},"end":{"line":58,"column":23}},"loc":{"start":{"line":58,"column":41},"end":{"line":67,"column":1}},"line":58},"3":{"name":"(anonymous_3)","decl":{"start":{"line":69,"column":27},"end":{"line":69,"column":28}},"loc":{"start":{"line":69,"column":46},"end":{"line":72,"column":1}},"line":69}},"branchMap":{},"s":{"0":1,"1":1,"2":1,"3":1,"4":1,"5":1,"6":1,"7":1,"8":0,"9":1,"10":1,"11":1,"12":1,"13":1,"14":1,"15":1,"16":1},"f":{"0":1,"1":0,"2":1,"3":1},"b":{},"_coverageSchema":"43e27e138ebf9cfc5966b082cf9a028302ed4184","hash":"b6576388a10378d8be675288bf82402d50ea325c"}
}
