{"/Users/sarahmayfield/alchemy/career-track/01-week/mongodb-lab/lib/app.js": {"path":"/Users/sarahmayfield/alchemy/career-track/01-week/mongodb-lab/lib/app.js","statementMap":{"0":{"start":{"line":1,"column":14},"end":{"line":1,"column":39}},"1":{"start":{"line":5,"column":16},"end":{"line":5,"column":34}},"2":{"start":{"line":6,"column":12},"end":{"line":6,"column":21}},"3":{"start":{"line":8,"column":0},"end":{"line":8,"column":24}},"4":{"start":{"line":39,"column":14},"end":{"line":44,"column":2}},"5":{"start":{"line":46,"column":0},"end":{"line":48,"column":3}},"6":{"start":{"line":47,"column":2},"end":{"line":47,"column":20}},"7":{"start":{"line":50,"column":0},"end":{"line":52,"column":3}},"8":{"start":{"line":51,"column":2},"end":{"line":51,"column":21}},"9":{"start":{"line":54,"column":0},"end":{"line":56,"column":3}},"10":{"start":{"line":55,"column":2},"end":{"line":55,"column":18}},"11":{"start":{"line":58,"column":0},"end":{"line":67,"column":3}},"12":{"start":{"line":59,"column":37},"end":{"line":59,"column":45}},"13":{"start":{"line":60,"column":23},"end":{"line":65,"column":4}},"14":{"start":{"line":66,"column":2},"end":{"line":66,"column":25}},"15":{"start":{"line":71,"column":0},"end":{"line":71,"column":21}}},"fnMap":{"0":{"name":"(anonymous_0)","decl":{"start":{"line":46,"column":13},"end":{"line":46,"column":14}},"loc":{"start":{"line":46,"column":27},"end":{"line":48,"column":1}},"line":46},"1":{"name":"(anonymous_1)","decl":{"start":{"line":50,"column":19},"end":{"line":50,"column":20}},"loc":{"start":{"line":50,"column":33},"end":{"line":52,"column":1}},"line":50},"2":{"name":"(anonymous_2)","decl":{"start":{"line":54,"column":23},"end":{"line":54,"column":24}},"loc":{"start":{"line":54,"column":37},"end":{"line":56,"column":1}},"line":54},"3":{"name":"(anonymous_3)","decl":{"start":{"line":58,"column":22},"end":{"line":58,"column":23}},"loc":{"start":{"line":58,"column":41},"end":{"line":67,"column":1}},"line":58}},"branchMap":{},"s":{"0":1,"1":1,"2":1,"3":1,"4":1,"5":1,"6":1,"7":1,"8":0,"9":1,"10":0,"11":1,"12":1,"13":1,"14":0,"15":1},"f":{"0":1,"1":0,"2":0,"3":1},"b":{},"_coverageSchema":"43e27e138ebf9cfc5966b082cf9a028302ed4184","hash":"9504cb5d636fb83fa85081e66ba8e5b3209a0d3c"}
}
