TN:
SF:/Users/sarahmayfield/alchemy/career-track/01-week/mongodb-lab/lib/app.js
FN:46,(anonymous_0)
FN:54,(anonymous_1)
FN:58,(anonymous_2)
FNF:3
FNH:2
FNDA:1,(anonymous_0)
FNDA:0,(anonymous_1)
FNDA:1,(anonymous_2)
DA:1,1
DA:5,1
DA:6,1
DA:8,1
DA:39,1
DA:46,1
DA:47,1
DA:54,1
DA:55,0
DA:58,1
DA:59,1
DA:60,1
DA:66,1
DA:77,1
LF:14
LH:13
BRF:0
BRH:0
end_of_record
TN:
SF:/Users/sarahmayfield/alchemy/career-track/01-week/mongodb-lab/lib/utils/connect.js
FN:4,(anonymous_0)
FN:10,(anonymous_1)
FN:14,(anonymous_2)
FNF:3
FNH:2
FNDA:1,(anonymous_0)
FNDA:1,(anonymous_1)
FNDA:0,(anonymous_2)
DA:1,1
DA:4,1
DA:5,1
DA:10,1
DA:11,1
DA:14,1
DA:15,0
DA:19,1
LF:8
LH:7
BRF:0
BRH:0
end_of_record
